  File "/home/zane/.pyenv/versions/3.10.0/lib/python3.10/site-packages/pyinfra_cli/main.py", line 236, in cli
    _main(*args, **kwargs)
  File "/home/zane/.pyenv/versions/3.10.0/lib/python3.10/site-packages/pyinfra_cli/main.py", line 425, in _main
    operations = get_operation_and_args(operations)
  File "/home/zane/.pyenv/versions/3.10.0/lib/python3.10/site-packages/pyinfra_cli/util.py", line 161, in get_operation_and_args
    op_module = import_module(str(op_module))
  File "/home/zane/.pyenv/versions/3.10.0/lib/python3.10/importlib/__init__.py", line 126, in import_module
    return _bootstrap._gcd_import(name[level:], package, level)
  File "<frozen importlib._bootstrap>", line 1050, in _gcd_import
  File "<frozen importlib._bootstrap>", line 1027, in _find_and_load
  File "<frozen importlib._bootstrap>", line 1006, in _find_and_load_unlocked
  File "<frozen importlib._bootstrap>", line 688, in _load_unlocked
  File "<frozen importlib._bootstrap_external>", line 883, in exec_module
  File "<frozen importlib._bootstrap>", line 241, in _call_with_frames_removed
  File "/home/zane/.dotfiles/install.py", line 210, in <module>
    main()
  File "/home/zane/.dotfiles/install.py", line 12, in main
    configure_repos()
  File "/home/zane/.dotfiles/install.py", line 22, in configure_repos
    apt.ppa(
  File "/home/zane/.pyenv/versions/3.10.0/lib/python3.10/site-packages/pyinfra/api/operation.py", line 183, in decorated_func
    global_kwargs, global_kwarg_keys = pop_global_op_kwargs(state, host, kwargs)
  File "/home/zane/.pyenv/versions/3.10.0/lib/python3.10/site-packages/pyinfra/api/operation_kwargs.py", line 163, in pop_global_op_kwargs
    default = default(state.config)
  File "/home/zane/.pyenv/versions/3.10.0/lib/python3.10/site-packages/pyinfra/api/operation_kwargs.py", line 7, in <lambda>
    'default': lambda config: config.SUDO,
Traceback (most recent call last):
  File "/home/zane/.pyenv/versions/3.10.0/lib/python3.10/site-packages/pyinfra_cli/util.py", line 158, in get_operation_and_args
    op_module = import_module('pyinfra.operations.{0}'.format(op_module))
  File "/home/zane/.pyenv/versions/3.10.0/lib/python3.10/importlib/__init__.py", line 126, in import_module
    return _bootstrap._gcd_import(name[level:], package, level)
  File "<frozen importlib._bootstrap>", line 1050, in _gcd_import
  File "<frozen importlib._bootstrap>", line 1027, in _find_and_load
  File "<frozen importlib._bootstrap>", line 1004, in _find_and_load_unlocked
ModuleNotFoundError: No module named 'pyinfra.operations.install'

During handling of the above exception, another exception occurred:

AttributeError: 'NoneType' object has no attribute 'SUDO'
